[rosmaster.main][INFO] 2020-09-10 18:44:46,660: initialization complete, waiting for shutdown
[rosmaster.main][INFO] 2020-09-10 18:44:46,660: Starting ROS Master Node
[xmlrpc][INFO] 2020-09-10 18:44:46,660: XML-RPC server binding to 0.0.0.0:11311
[xmlrpc][INFO] 2020-09-10 18:44:46,661: Started XML-RPC server [http://Nautilus:11311/]
[xmlrpc][INFO] 2020-09-10 18:44:46,661: xml rpc node: starting XML-RPC server
[rosmaster.master][INFO] 2020-09-10 18:44:46,661: Master initialized: port[11311], uri[http://Nautilus:11311/]
[rosmaster.master][INFO] 2020-09-10 18:44:46,761: +PARAM [/run_id] by /roslaunch
[rosmaster.master][INFO] 2020-09-10 18:44:46,762: +PARAM [/roslaunch/uris/host_nautilus__42079] by /roslaunch
[rosmaster.master][INFO] 2020-09-10 18:44:46,791: +PARAM [/rosversion] by /roslaunch
[rosmaster.master][INFO] 2020-09-10 18:44:46,791: +PARAM [/rosdistro] by /roslaunch
[rosmaster.master][INFO] 2020-09-10 18:44:46,800: +SERVICE [/rosout/get_loggers] /rosout http://Nautilus:37371/
[rosmaster.master][INFO] 2020-09-10 18:44:46,801: +SERVICE [/rosout/set_logger_level] /rosout http://Nautilus:37371/
[rosmaster.master][INFO] 2020-09-10 18:44:46,801: +PUB [/rosout_agg] /rosout http://Nautilus:37371/
[rosmaster.master][INFO] 2020-09-10 18:44:46,802: +SUB [/rosout] /rosout http://Nautilus:37371/
[rosmaster.master][INFO] 2020-09-10 18:44:46,836: +PUB [/rosout] /nautilus http://Nautilus:37271/
[rosmaster.master][INFO] 2020-09-10 18:44:46,837: +SERVICE [/nautilus/get_loggers] /nautilus http://Nautilus:37271/
[rosmaster.master][INFO] 2020-09-10 18:44:46,837: +SERVICE [/nautilus/set_logger_level] /nautilus http://Nautilus:37271/
[rosmaster.master][INFO] 2020-09-10 18:44:46,861: publisherUpdate[/rosout] -> http://Nautilus:37371/ ['http://Nautilus:37271/']
[rosmaster.master][INFO] 2020-09-10 18:44:46,863: publisherUpdate[/rosout] -> http://Nautilus:37371/ ['http://Nautilus:37271/']: sec=0.00, result=[1, '', 0]
[rosmaster.master][INFO] 2020-09-10 18:44:46,936: +PUB [/rosout] /rviz http://Nautilus:36257/
[rosmaster.master][INFO] 2020-09-10 18:44:46,936: +SERVICE [/rviz/get_loggers] /rviz http://Nautilus:36257/
[rosmaster.master][INFO] 2020-09-10 18:44:46,936: +SERVICE [/rviz/set_logger_level] /rviz http://Nautilus:36257/
[rosmaster.master][INFO] 2020-09-10 18:44:46,965: publisherUpdate[/rosout] -> http://Nautilus:37371/ ['http://Nautilus:37271/', 'http://Nautilus:36257/']
[rosmaster.master][INFO] 2020-09-10 18:44:46,966: publisherUpdate[/rosout] -> http://Nautilus:37371/ ['http://Nautilus:37271/', 'http://Nautilus:36257/']: sec=0.00, result=[1, '', 0]
[rosmaster.master][INFO] 2020-09-10 18:44:47,338: +PUB [/rosout] /laser_scan_matcher http://Nautilus:44295/
[rosmaster.master][INFO] 2020-09-10 18:44:47,341: +SERVICE [/laser_scan_matcher/get_loggers] /laser_scan_matcher http://Nautilus:44295/
[rosmaster.master][INFO] 2020-09-10 18:44:47,341: +SERVICE [/laser_scan_matcher/set_logger_level] /laser_scan_matcher http://Nautilus:44295/
[rosmaster.master][INFO] 2020-09-10 18:44:47,366: publisherUpdate[/rosout] -> http://Nautilus:37371/ ['http://Nautilus:37271/', 'http://Nautilus:36257/', 'http://Nautilus:44295/']
[rosmaster.master][INFO] 2020-09-10 18:44:47,371: publisherUpdate[/rosout] -> http://Nautilus:37371/ ['http://Nautilus:37271/', 'http://Nautilus:36257/', 'http://Nautilus:44295/']: sec=0.00, result=[1, '', 0]
[rosmaster.master][INFO] 2020-09-10 18:44:47,537: +SUB [/tf] /rviz http://Nautilus:36257/
[rosmaster.master][INFO] 2020-09-10 18:44:47,538: +SUB [/tf_static] /rviz http://Nautilus:36257/
[rosmaster.master][INFO] 2020-09-10 18:44:47,612: +PUB [/initialpose] /rviz http://Nautilus:36257/
[rosmaster.master][INFO] 2020-09-10 18:44:47,613: +PUB [/goal] /rviz http://Nautilus:36257/
[rosmaster.master][INFO] 2020-09-10 18:44:47,619: +SUB [/poses] /rviz http://Nautilus:36257/
[rosmaster.master][INFO] 2020-09-10 18:44:47,621: +SUB [/visualization_marker] /rviz http://Nautilus:36257/
[rosmaster.master][INFO] 2020-09-10 18:44:47,622: +SUB [/visualization_marker_array] /rviz http://Nautilus:36257/
[rosmaster.master][INFO] 2020-09-10 18:44:47,622: -SUB [/visualization_marker] /rviz http://Nautilus:36257/
[rosmaster.master][INFO] 2020-09-10 18:44:47,623: -SUB [/visualization_marker_array] /rviz http://Nautilus:36257/
[rosmaster.master][INFO] 2020-09-10 18:44:47,624: +SUB [/debug_lines] /rviz http://Nautilus:36257/
[rosmaster.master][INFO] 2020-09-10 18:44:47,625: +SUB [/debug_lines_array] /rviz http://Nautilus:36257/
[rosmaster.master][INFO] 2020-09-10 18:44:47,628: +SUB [/all_points] /rviz http://Nautilus:36257/
[rosmaster.master][INFO] 2020-09-10 18:44:47,630: +SUB [/new_points] /rviz http://Nautilus:36257/
[rosmaster.master][INFO] 2020-09-10 18:44:47,631: +SUB [/visualization_marker] /rviz http://Nautilus:36257/
[rosmaster.master][INFO] 2020-09-10 18:44:47,632: +SUB [/visualization_marker_array] /rviz http://Nautilus:36257/
[rosmaster.master][INFO] 2020-09-10 18:44:47,633: -SUB [/visualization_marker] /rviz http://Nautilus:36257/
[rosmaster.master][INFO] 2020-09-10 18:44:47,633: -SUB [/visualization_marker_array] /rviz http://Nautilus:36257/
[rosmaster.master][INFO] 2020-09-10 18:44:47,634: +SUB [/auto_lc_poses] /rviz http://Nautilus:36257/
[rosmaster.master][INFO] 2020-09-10 18:44:47,635: +SUB [/auto_lc_poses_array] /rviz http://Nautilus:36257/
[rosmaster.master][INFO] 2020-09-10 18:44:47,637: +SUB [/hitl_poses_line_a] /rviz http://Nautilus:36257/
[rosmaster.master][INFO] 2020-09-10 18:44:47,639: +SUB [/hitl_poses_line_b] /rviz http://Nautilus:36257/
[rosmaster.master][INFO] 2020-09-10 18:44:47,642: +SUB [/visualization_marker] /rviz http://Nautilus:36257/
[rosmaster.master][INFO] 2020-09-10 18:44:47,643: +SUB [/visualization_marker_array] /rviz http://Nautilus:36257/
[rosmaster.master][INFO] 2020-09-10 18:44:47,643: -SUB [/visualization_marker] /rviz http://Nautilus:36257/
[rosmaster.master][INFO] 2020-09-10 18:44:47,643: -SUB [/visualization_marker_array] /rviz http://Nautilus:36257/
[rosmaster.master][INFO] 2020-09-10 18:44:47,644: +SUB [/cov] /rviz http://Nautilus:36257/
[rosmaster.master][INFO] 2020-09-10 18:44:47,645: +SUB [/cov_array] /rviz http://Nautilus:36257/
[rosmaster.master][INFO] 2020-09-10 18:44:47,650: +SUB [/keyframes] /rviz http://Nautilus:36257/
[rosmaster.master][INFO] 2020-09-10 18:44:47,650: -PUB [/goal] /rviz http://Nautilus:36257/
[rosmaster.master][INFO] 2020-09-10 18:44:47,651: -PUB [/initialpose] /rviz http://Nautilus:36257/
[rosmaster.master][INFO] 2020-09-10 18:44:47,653: +PUB [/initialpose] /rviz http://Nautilus:36257/
[rosmaster.master][INFO] 2020-09-10 18:44:47,654: +PUB [/goal] /rviz http://Nautilus:36257/
[rosmaster.master][INFO] 2020-09-10 18:44:47,654: +PUB [/move_base_simple/goal] /rviz http://Nautilus:36257/
[rosmaster.master][INFO] 2020-09-10 18:44:47,654: -PUB [/goal] /rviz http://Nautilus:36257/
[rosmaster.master][INFO] 2020-09-10 18:44:47,654: +PUB [/clicked_point] /rviz http://Nautilus:36257/
[rosmaster.master][INFO] 2020-09-10 18:44:47,656: +PUB [/vectorize_output] /rviz http://Nautilus:36257/
[rosmaster.master][INFO] 2020-09-10 18:44:47,658: +PUB [/write_output] /rviz http://Nautilus:36257/
[rosmaster.master][INFO] 2020-09-10 18:44:47,659: +PUB [/hitl_slam_input] /rviz http://Nautilus:36257/
[rosmaster.master][INFO] 2020-09-10 18:44:47,696: +SERVICE [/rviz/reload_shaders] /rviz http://Nautilus:36257/
[rosmaster.master][INFO] 2020-09-10 18:44:47,698: +SERVICE [/rviz/load_config] /rviz http://Nautilus:36257/
[rosmaster.master][INFO] 2020-09-10 18:44:47,703: +SERVICE [/rviz/save_config] /rviz http://Nautilus:36257/
[rosmaster.master][INFO] 2020-09-10 18:44:48,713: +SERVICE [/match_laser_scans] /laser_scan_matcher http://Nautilus:44295/
[rosmaster.master][INFO] 2020-09-10 18:46:36,017: +PUB [/all_points] /nautilus http://Nautilus:37271/
[rosmaster.master][INFO] 2020-09-10 18:46:36,018: +PUB [/new_points] /nautilus http://Nautilus:37271/
[rosmaster.master][INFO] 2020-09-10 18:46:36,018: +PUB [/poses] /nautilus http://Nautilus:37271/
[rosmaster.master][INFO] 2020-09-10 18:46:36,018: +PUB [/keyframe_poses] /nautilus http://Nautilus:37271/
[rosmaster.master][INFO] 2020-09-10 18:46:36,019: +PUB [/matches] /nautilus http://Nautilus:37271/
[rosmaster.master][INFO] 2020-09-10 18:46:36,019: +PUB [/normals] /nautilus http://Nautilus:37271/
[rosmaster.master][INFO] 2020-09-10 18:46:36,019: +PUB [/keyframes] /nautilus http://Nautilus:37271/
[rosmaster.master][INFO] 2020-09-10 18:46:36,020: +PUB [/hitl_poses_line_a] /nautilus http://Nautilus:37271/
[rosmaster.master][INFO] 2020-09-10 18:46:36,020: +PUB [/hitl_poses_line_b] /nautilus http://Nautilus:37271/
[rosmaster.master][INFO] 2020-09-10 18:46:36,020: +PUB [/hitl_pointclouds] /nautilus http://Nautilus:37271/
[rosmaster.master][INFO] 2020-09-10 18:46:36,020: +PUB [/hitl_a_points] /nautilus http://Nautilus:37271/
[rosmaster.master][INFO] 2020-09-10 18:46:36,021: +PUB [/hitl_b_points] /nautilus http://Nautilus:37271/
[rosmaster.master][INFO] 2020-09-10 18:46:36,021: +PUB [/auto_lc_poses] /nautilus http://Nautilus:37271/
[rosmaster.master][INFO] 2020-09-10 18:46:36,022: +PUB [/line_a] /nautilus http://Nautilus:37271/
[rosmaster.master][INFO] 2020-09-10 18:46:36,102: publisherUpdate[/all_points] -> http://Nautilus:36257/ ['http://Nautilus:37271/']
[rosmaster.master][INFO] 2020-09-10 18:46:36,103: publisherUpdate[/all_points] -> http://Nautilus:36257/ ['http://Nautilus:37271/']: sec=0.00, result=[1, '', 0]
[rosmaster.master][INFO] 2020-09-10 18:46:36,103: publisherUpdate[/new_points] -> http://Nautilus:36257/ ['http://Nautilus:37271/']
[rosmaster.master][INFO] 2020-09-10 18:46:36,103: publisherUpdate[/new_points] -> http://Nautilus:36257/ ['http://Nautilus:37271/']: sec=0.00, result=[1, '', 0]
[rosmaster.master][INFO] 2020-09-10 18:46:36,104: publisherUpdate[/poses] -> http://Nautilus:36257/ ['http://Nautilus:37271/']
[rosmaster.master][INFO] 2020-09-10 18:46:36,104: publisherUpdate[/poses] -> http://Nautilus:36257/ ['http://Nautilus:37271/']: sec=0.00, result=[1, '', 0]
[rosmaster.master][INFO] 2020-09-10 18:46:36,104: publisherUpdate[/keyframes] -> http://Nautilus:36257/ ['http://Nautilus:37271/']
[rosmaster.master][INFO] 2020-09-10 18:46:36,104: publisherUpdate[/keyframes] -> http://Nautilus:36257/ ['http://Nautilus:37271/']: sec=0.00, result=[1, '', 0]
[rosmaster.master][INFO] 2020-09-10 18:46:36,104: publisherUpdate[/hitl_poses_line_a] -> http://Nautilus:36257/ ['http://Nautilus:37271/']
[rosmaster.master][INFO] 2020-09-10 18:46:36,105: publisherUpdate[/hitl_poses_line_a] -> http://Nautilus:36257/ ['http://Nautilus:37271/']: sec=0.00, result=[1, '', 0]
[rosmaster.master][INFO] 2020-09-10 18:46:36,105: publisherUpdate[/hitl_poses_line_b] -> http://Nautilus:36257/ ['http://Nautilus:37271/']
[rosmaster.master][INFO] 2020-09-10 18:46:36,105: publisherUpdate[/hitl_poses_line_b] -> http://Nautilus:36257/ ['http://Nautilus:37271/']: sec=0.00, result=[1, '', 0]
[rosmaster.master][INFO] 2020-09-10 18:46:36,105: publisherUpdate[/auto_lc_poses] -> http://Nautilus:36257/ ['http://Nautilus:37271/']
[rosmaster.master][INFO] 2020-09-10 18:46:36,105: publisherUpdate[/auto_lc_poses] -> http://Nautilus:36257/ ['http://Nautilus:37271/']: sec=0.00, result=[1, '', 0]
[rosmaster.master][INFO] 2020-09-10 18:46:55,119: -PUB [/rosout] /laser_scan_matcher http://Nautilus:44295/
[rosmaster.master][INFO] 2020-09-10 18:46:55,119: -SERVICE [/laser_scan_matcher/get_loggers] /laser_scan_matcher rosrpc://Nautilus:44387
[rosmaster.master][INFO] 2020-09-10 18:46:55,119: -SERVICE [/laser_scan_matcher/set_logger_level] /laser_scan_matcher rosrpc://Nautilus:44387
[rosmaster.master][INFO] 2020-09-10 18:46:55,119: -SERVICE [/match_laser_scans] /laser_scan_matcher rosrpc://Nautilus:44387
[rosmaster.master][INFO] 2020-09-10 18:46:55,131: publisherUpdate[/rosout] -> http://Nautilus:37371/ ['http://Nautilus:37271/', 'http://Nautilus:36257/']
[rosmaster.master][INFO] 2020-09-10 18:46:55,132: publisherUpdate[/rosout] -> http://Nautilus:37371/ ['http://Nautilus:37271/', 'http://Nautilus:36257/']: sec=0.00, result=[1, '', 0]
[rosmaster.master][INFO] 2020-09-10 18:46:55,144: -PUB [/rosout] /nautilus http://Nautilus:37271/
[rosmaster.master][INFO] 2020-09-10 18:46:55,145: -PUB [/all_points] /nautilus http://Nautilus:37271/
[rosmaster.master][INFO] 2020-09-10 18:46:55,145: -PUB [/new_points] /nautilus http://Nautilus:37271/
[rosmaster.master][INFO] 2020-09-10 18:46:55,146: -PUB [/poses] /nautilus http://Nautilus:37271/
[rosmaster.master][INFO] 2020-09-10 18:46:55,146: -PUB [/keyframe_poses] /nautilus http://Nautilus:37271/
[rosmaster.master][INFO] 2020-09-10 18:46:55,146: -PUB [/matches] /nautilus http://Nautilus:37271/
[rosmaster.master][INFO] 2020-09-10 18:46:55,147: -PUB [/normals] /nautilus http://Nautilus:37271/
[rosmaster.master][INFO] 2020-09-10 18:46:55,147: -PUB [/keyframes] /nautilus http://Nautilus:37271/
[rosmaster.master][INFO] 2020-09-10 18:46:55,148: -PUB [/hitl_poses_line_a] /nautilus http://Nautilus:37271/
[rosmaster.master][INFO] 2020-09-10 18:46:55,148: -PUB [/hitl_poses_line_b] /nautilus http://Nautilus:37271/
[rosmaster.master][INFO] 2020-09-10 18:46:55,149: -PUB [/hitl_pointclouds] /nautilus http://Nautilus:37271/
[rosmaster.master][INFO] 2020-09-10 18:46:55,149: -PUB [/hitl_a_points] /nautilus http://Nautilus:37271/
[rosmaster.master][INFO] 2020-09-10 18:46:55,149: -PUB [/hitl_b_points] /nautilus http://Nautilus:37271/
[rosmaster.master][INFO] 2020-09-10 18:46:55,150: -PUB [/auto_lc_poses] /nautilus http://Nautilus:37271/
[rosmaster.master][INFO] 2020-09-10 18:46:55,150: -PUB [/line_a] /nautilus http://Nautilus:37271/
[rosmaster.master][INFO] 2020-09-10 18:46:55,151: -SERVICE [/nautilus/get_loggers] /nautilus rosrpc://Nautilus:34265
[rosmaster.master][INFO] 2020-09-10 18:46:55,151: -SERVICE [/nautilus/set_logger_level] /nautilus rosrpc://Nautilus:34265
[rosmaster.master][INFO] 2020-09-10 18:46:55,231: publisherUpdate[/rosout] -> http://Nautilus:37371/ ['http://Nautilus:36257/']
[rosmaster.master][INFO] 2020-09-10 18:46:55,232: -PUB [/rosout] /rviz http://Nautilus:36257/
[rosmaster.master][INFO] 2020-09-10 18:46:55,233: publisherUpdate[/all_points] -> http://Nautilus:36257/ []
[rosmaster.master][INFO] 2020-09-10 18:46:55,234: publisherUpdate[/rosout] -> http://Nautilus:37371/ ['http://Nautilus:36257/']: sec=0.00, result=[1, '', 0]
[rosmaster.master][INFO] 2020-09-10 18:46:55,234: -PUB [/initialpose] /rviz http://Nautilus:36257/
[rosmaster.master][INFO] 2020-09-10 18:46:55,235: publisherUpdate[/rosout] -> http://Nautilus:37371/ []
[rosmaster.master][INFO] 2020-09-10 18:46:55,236: -PUB [/move_base_simple/goal] /rviz http://Nautilus:36257/
[rosmaster.master][INFO] 2020-09-10 18:46:55,237: publisherUpdate[/rosout] -> http://Nautilus:37371/ []: sec=0.00, result=[1, '', 0]
[rosmaster.master][INFO] 2020-09-10 18:46:55,237: -PUB [/clicked_point] /rviz http://Nautilus:36257/
[rosmaster.master][INFO] 2020-09-10 18:46:55,237: -PUB [/vectorize_output] /rviz http://Nautilus:36257/
[rosmaster.master][INFO] 2020-09-10 18:46:55,238: -PUB [/write_output] /rviz http://Nautilus:36257/
[rosmaster.master][INFO] 2020-09-10 18:46:55,238: -PUB [/hitl_slam_input] /rviz http://Nautilus:36257/
[rosmaster.master][INFO] 2020-09-10 18:46:55,238: -SUB [/tf] /rviz http://Nautilus:36257/
[rosmaster.master][INFO] 2020-09-10 18:46:55,239: -SUB [/tf_static] /rviz http://Nautilus:36257/
[rosmaster.master][INFO] 2020-09-10 18:46:55,239: -SUB [/poses] /rviz http://Nautilus:36257/
[rosmaster.master][INFO] 2020-09-10 18:46:55,240: -SUB [/debug_lines] /rviz http://Nautilus:36257/
[rosmaster.master][INFO] 2020-09-10 18:46:55,240: -SUB [/debug_lines_array] /rviz http://Nautilus:36257/
[rosmaster.master][INFO] 2020-09-10 18:46:55,240: -SUB [/all_points] /rviz http://Nautilus:36257/
[rosmaster.master][INFO] 2020-09-10 18:46:55,241: -SUB [/new_points] /rviz http://Nautilus:36257/
[rosmaster.master][INFO] 2020-09-10 18:46:55,241: -SUB [/auto_lc_poses] /rviz http://Nautilus:36257/
[rosmaster.master][INFO] 2020-09-10 18:46:55,242: -SUB [/auto_lc_poses_array] /rviz http://Nautilus:36257/
[rosmaster.master][INFO] 2020-09-10 18:46:55,242: -SUB [/hitl_poses_line_a] /rviz http://Nautilus:36257/
[rosmaster.master][INFO] 2020-09-10 18:46:55,242: publisherUpdate[/all_points] -> http://Nautilus:36257/ []: sec=0.01, exception=<Fault -1: 'publisherUpdate: unknown method name'>
[rosmaster.master][INFO] 2020-09-10 18:46:55,242: -SUB [/hitl_poses_line_b] /rviz http://Nautilus:36257/
[rosmaster.master][INFO] 2020-09-10 18:46:55,243: -SUB [/cov] /rviz http://Nautilus:36257/
[rosmaster.master][INFO] 2020-09-10 18:46:55,243: -SUB [/cov_array] /rviz http://Nautilus:36257/
[rosmaster.master][INFO] 2020-09-10 18:46:55,243: -SUB [/keyframes] /rviz http://Nautilus:36257/
[rosmaster.master][INFO] 2020-09-10 18:46:55,244: -SERVICE [/rviz/get_loggers] /rviz rosrpc://Nautilus:60035
[rosmaster.master][INFO] 2020-09-10 18:46:55,244: -SERVICE [/rviz/set_logger_level] /rviz rosrpc://Nautilus:60035
[rosmaster.master][INFO] 2020-09-10 18:46:55,244: -SERVICE [/rviz/reload_shaders] /rviz rosrpc://Nautilus:60035
[rosmaster.threadpool][ERROR] 2020-09-10 18:46:55,245: Traceback (most recent call last):
  File "/opt/ros/noetic/lib/python3/dist-packages/rosmaster/threadpool.py", line 218, in run
    result = cmd(*args)
  File "/opt/ros/noetic/lib/python3/dist-packages/rosmaster/master_api.py", line 210, in publisher_update_task
    ret = xmlrpcapi(api).publisherUpdate('/master', topic, pub_uris)
  File "/usr/lib/python3.8/xmlrpc/client.py", line 1109, in __call__
    return self.__send(self.__name, args)
  File "/usr/lib/python3.8/xmlrpc/client.py", line 1450, in __request
    response = self.__transport.request(
  File "/usr/lib/python3.8/xmlrpc/client.py", line 1153, in request
    return self.single_request(host, handler, request_body, verbose)
  File "/usr/lib/python3.8/xmlrpc/client.py", line 1169, in single_request
    return self.parse_response(resp)
  File "/usr/lib/python3.8/xmlrpc/client.py", line 1341, in parse_response
    return u.close()
  File "/usr/lib/python3.8/xmlrpc/client.py", line 655, in close
    raise Fault(**self._stack[0])
xmlrpc.client.Fault: <Fault -1: 'publisherUpdate: unknown method name'>

[rosmaster.master][INFO] 2020-09-10 18:46:55,245: -SERVICE [/rviz/load_config] /rviz rosrpc://Nautilus:60035
[rosmaster.master][INFO] 2020-09-10 18:46:55,245: publisherUpdate[/new_points] -> http://Nautilus:36257/ []
[rosmaster.master][INFO] 2020-09-10 18:46:55,245: -SERVICE [/rviz/save_config] /rviz rosrpc://Nautilus:60035
[rosmaster.master][INFO] 2020-09-10 18:46:55,245: publisherUpdate[/new_points] -> http://Nautilus:36257/ []: sec=0.00, exception=<Fault -1: 'publisherUpdate: unknown method name'>
[rosmaster.threadpool][ERROR] 2020-09-10 18:46:55,246: Traceback (most recent call last):
  File "/opt/ros/noetic/lib/python3/dist-packages/rosmaster/threadpool.py", line 218, in run
    result = cmd(*args)
  File "/opt/ros/noetic/lib/python3/dist-packages/rosmaster/master_api.py", line 210, in publisher_update_task
    ret = xmlrpcapi(api).publisherUpdate('/master', topic, pub_uris)
  File "/usr/lib/python3.8/xmlrpc/client.py", line 1109, in __call__
    return self.__send(self.__name, args)
  File "/usr/lib/python3.8/xmlrpc/client.py", line 1450, in __request
    response = self.__transport.request(
  File "/usr/lib/python3.8/xmlrpc/client.py", line 1153, in request
    return self.single_request(host, handler, request_body, verbose)
  File "/usr/lib/python3.8/xmlrpc/client.py", line 1169, in single_request
    return self.parse_response(resp)
  File "/usr/lib/python3.8/xmlrpc/client.py", line 1341, in parse_response
    return u.close()
  File "/usr/lib/python3.8/xmlrpc/client.py", line 655, in close
    raise Fault(**self._stack[0])
xmlrpc.client.Fault: <Fault -1: 'publisherUpdate: unknown method name'>

[rosmaster.master][INFO] 2020-09-10 18:46:55,246: publisherUpdate[/poses] -> http://Nautilus:36257/ []
[rosmaster.master][INFO] 2020-09-10 18:46:55,246: publisherUpdate[/poses] -> http://Nautilus:36257/ []: sec=0.00, exception=<Fault -1: 'publisherUpdate: unknown method name'>
[rosmaster.threadpool][ERROR] 2020-09-10 18:46:55,246: Traceback (most recent call last):
  File "/opt/ros/noetic/lib/python3/dist-packages/rosmaster/threadpool.py", line 218, in run
    result = cmd(*args)
  File "/opt/ros/noetic/lib/python3/dist-packages/rosmaster/master_api.py", line 210, in publisher_update_task
    ret = xmlrpcapi(api).publisherUpdate('/master', topic, pub_uris)
  File "/usr/lib/python3.8/xmlrpc/client.py", line 1109, in __call__
    return self.__send(self.__name, args)
  File "/usr/lib/python3.8/xmlrpc/client.py", line 1450, in __request
    response = self.__transport.request(
  File "/usr/lib/python3.8/xmlrpc/client.py", line 1153, in request
    return self.single_request(host, handler, request_body, verbose)
  File "/usr/lib/python3.8/xmlrpc/client.py", line 1169, in single_request
    return self.parse_response(resp)
  File "/usr/lib/python3.8/xmlrpc/client.py", line 1341, in parse_response
    return u.close()
  File "/usr/lib/python3.8/xmlrpc/client.py", line 655, in close
    raise Fault(**self._stack[0])
xmlrpc.client.Fault: <Fault -1: 'publisherUpdate: unknown method name'>

[rosmaster.master][INFO] 2020-09-10 18:46:55,246: publisherUpdate[/keyframes] -> http://Nautilus:36257/ []
[rosmaster.master][INFO] 2020-09-10 18:46:55,246: publisherUpdate[/keyframes] -> http://Nautilus:36257/ []: sec=0.00, exception=<Fault -1: 'publisherUpdate: unknown method name'>
[rosmaster.threadpool][ERROR] 2020-09-10 18:46:55,246: Traceback (most recent call last):
  File "/opt/ros/noetic/lib/python3/dist-packages/rosmaster/threadpool.py", line 218, in run
    result = cmd(*args)
  File "/opt/ros/noetic/lib/python3/dist-packages/rosmaster/master_api.py", line 210, in publisher_update_task
    ret = xmlrpcapi(api).publisherUpdate('/master', topic, pub_uris)
  File "/usr/lib/python3.8/xmlrpc/client.py", line 1109, in __call__
    return self.__send(self.__name, args)
  File "/usr/lib/python3.8/xmlrpc/client.py", line 1450, in __request
    response = self.__transport.request(
  File "/usr/lib/python3.8/xmlrpc/client.py", line 1153, in request
    return self.single_request(host, handler, request_body, verbose)
  File "/usr/lib/python3.8/xmlrpc/client.py", line 1169, in single_request
    return self.parse_response(resp)
  File "/usr/lib/python3.8/xmlrpc/client.py", line 1341, in parse_response
    return u.close()
  File "/usr/lib/python3.8/xmlrpc/client.py", line 655, in close
    raise Fault(**self._stack[0])
xmlrpc.client.Fault: <Fault -1: 'publisherUpdate: unknown method name'>

[rosmaster.master][INFO] 2020-09-10 18:46:55,247: publisherUpdate[/hitl_poses_line_a] -> http://Nautilus:36257/ []
[rosmaster.master][INFO] 2020-09-10 18:46:55,247: publisherUpdate[/hitl_poses_line_a] -> http://Nautilus:36257/ []: sec=0.00, exception=<Fault -1: 'publisherUpdate: unknown method name'>
[rosmaster.threadpool][ERROR] 2020-09-10 18:46:55,247: Traceback (most recent call last):
  File "/opt/ros/noetic/lib/python3/dist-packages/rosmaster/threadpool.py", line 218, in run
    result = cmd(*args)
  File "/opt/ros/noetic/lib/python3/dist-packages/rosmaster/master_api.py", line 210, in publisher_update_task
    ret = xmlrpcapi(api).publisherUpdate('/master', topic, pub_uris)
  File "/usr/lib/python3.8/xmlrpc/client.py", line 1109, in __call__
    return self.__send(self.__name, args)
  File "/usr/lib/python3.8/xmlrpc/client.py", line 1450, in __request
    response = self.__transport.request(
  File "/usr/lib/python3.8/xmlrpc/client.py", line 1153, in request
    return self.single_request(host, handler, request_body, verbose)
  File "/usr/lib/python3.8/xmlrpc/client.py", line 1169, in single_request
    return self.parse_response(resp)
  File "/usr/lib/python3.8/xmlrpc/client.py", line 1341, in parse_response
    return u.close()
  File "/usr/lib/python3.8/xmlrpc/client.py", line 655, in close
    raise Fault(**self._stack[0])
xmlrpc.client.Fault: <Fault -1: 'publisherUpdate: unknown method name'>

[rosmaster.master][INFO] 2020-09-10 18:46:55,247: publisherUpdate[/hitl_poses_line_b] -> http://Nautilus:36257/ []
[rosmaster.master][INFO] 2020-09-10 18:46:55,247: publisherUpdate[/hitl_poses_line_b] -> http://Nautilus:36257/ []: sec=0.00, exception=<Fault -1: 'publisherUpdate: unknown method name'>
[rosmaster.threadpool][ERROR] 2020-09-10 18:46:55,247: Traceback (most recent call last):
  File "/opt/ros/noetic/lib/python3/dist-packages/rosmaster/threadpool.py", line 218, in run
    result = cmd(*args)
  File "/opt/ros/noetic/lib/python3/dist-packages/rosmaster/master_api.py", line 210, in publisher_update_task
    ret = xmlrpcapi(api).publisherUpdate('/master', topic, pub_uris)
  File "/usr/lib/python3.8/xmlrpc/client.py", line 1109, in __call__
    return self.__send(self.__name, args)
  File "/usr/lib/python3.8/xmlrpc/client.py", line 1450, in __request
    response = self.__transport.request(
  File "/usr/lib/python3.8/xmlrpc/client.py", line 1153, in request
    return self.single_request(host, handler, request_body, verbose)
  File "/usr/lib/python3.8/xmlrpc/client.py", line 1169, in single_request
    return self.parse_response(resp)
  File "/usr/lib/python3.8/xmlrpc/client.py", line 1341, in parse_response
    return u.close()
  File "/usr/lib/python3.8/xmlrpc/client.py", line 655, in close
    raise Fault(**self._stack[0])
xmlrpc.client.Fault: <Fault -1: 'publisherUpdate: unknown method name'>

[rosmaster.master][INFO] 2020-09-10 18:46:55,247: publisherUpdate[/auto_lc_poses] -> http://Nautilus:36257/ []
[rosmaster.master][INFO] 2020-09-10 18:46:55,248: publisherUpdate[/auto_lc_poses] -> http://Nautilus:36257/ []: sec=0.00, exception=<Fault -1: 'publisherUpdate: unknown method name'>
[rosmaster.threadpool][ERROR] 2020-09-10 18:46:55,248: Traceback (most recent call last):
  File "/opt/ros/noetic/lib/python3/dist-packages/rosmaster/threadpool.py", line 218, in run
    result = cmd(*args)
  File "/opt/ros/noetic/lib/python3/dist-packages/rosmaster/master_api.py", line 210, in publisher_update_task
    ret = xmlrpcapi(api).publisherUpdate('/master', topic, pub_uris)
  File "/usr/lib/python3.8/xmlrpc/client.py", line 1109, in __call__
    return self.__send(self.__name, args)
  File "/usr/lib/python3.8/xmlrpc/client.py", line 1450, in __request
    response = self.__transport.request(
  File "/usr/lib/python3.8/xmlrpc/client.py", line 1153, in request
    return self.single_request(host, handler, request_body, verbose)
  File "/usr/lib/python3.8/xmlrpc/client.py", line 1169, in single_request
    return self.parse_response(resp)
  File "/usr/lib/python3.8/xmlrpc/client.py", line 1341, in parse_response
    return u.close()
  File "/usr/lib/python3.8/xmlrpc/client.py", line 655, in close
    raise Fault(**self._stack[0])
xmlrpc.client.Fault: <Fault -1: 'publisherUpdate: unknown method name'>

[rosmaster.master][INFO] 2020-09-10 18:46:56,038: -PUB [/rosout_agg] /rosout http://Nautilus:37371/
[rosmaster.master][INFO] 2020-09-10 18:46:56,038: -SUB [/rosout] /rosout http://Nautilus:37371/
[rosmaster.master][INFO] 2020-09-10 18:46:56,038: -SERVICE [/rosout/get_loggers] /rosout rosrpc://Nautilus:39147
[rosmaster.master][INFO] 2020-09-10 18:46:56,038: -SERVICE [/rosout/set_logger_level] /rosout rosrpc://Nautilus:39147
[rosmaster.main][INFO] 2020-09-10 18:46:56,122: keyboard interrupt, will exit
[rosmaster.main][INFO] 2020-09-10 18:46:56,122: stopping master...
[rospy.core][INFO] 2020-09-10 18:46:56,122: signal_shutdown [atexit]
