[rosmaster.main][INFO] 2020-09-06 19:55:54,269: initialization complete, waiting for shutdown
[rosmaster.main][INFO] 2020-09-06 19:55:54,269: Starting ROS Master Node
[xmlrpc][INFO] 2020-09-06 19:55:54,270: XML-RPC server binding to 0.0.0.0:11311
[xmlrpc][INFO] 2020-09-06 19:55:54,270: Started XML-RPC server [http://Nautilus:11311/]
[xmlrpc][INFO] 2020-09-06 19:55:54,270: xml rpc node: starting XML-RPC server
[rosmaster.master][INFO] 2020-09-06 19:55:54,270: Master initialized: port[11311], uri[http://Nautilus:11311/]
[rosmaster.master][INFO] 2020-09-06 19:55:54,372: +PARAM [/run_id] by /roslaunch
[rosmaster.master][INFO] 2020-09-06 19:55:54,373: +PARAM [/roslaunch/uris/host_nautilus__40593] by /roslaunch
[rosmaster.master][INFO] 2020-09-06 19:55:54,400: +PARAM [/rosversion] by /roslaunch
[rosmaster.master][INFO] 2020-09-06 19:55:54,400: +PARAM [/rosdistro] by /roslaunch
[rosmaster.master][INFO] 2020-09-06 19:55:54,407: +SERVICE [/rosout/get_loggers] /rosout http://Nautilus:43281/
[rosmaster.master][INFO] 2020-09-06 19:55:54,407: +SERVICE [/rosout/set_logger_level] /rosout http://Nautilus:43281/
[rosmaster.master][INFO] 2020-09-06 19:55:54,408: +PUB [/rosout_agg] /rosout http://Nautilus:43281/
[rosmaster.master][INFO] 2020-09-06 19:55:54,409: +SUB [/rosout] /rosout http://Nautilus:43281/
[rosmaster.master][INFO] 2020-09-06 19:55:54,440: +PUB [/rosout] /nautilus http://Nautilus:37269/
[rosmaster.master][INFO] 2020-09-06 19:55:54,441: +SERVICE [/nautilus/get_loggers] /nautilus http://Nautilus:37269/
[rosmaster.master][INFO] 2020-09-06 19:55:54,441: +SERVICE [/nautilus/set_logger_level] /nautilus http://Nautilus:37269/
[rosmaster.master][INFO] 2020-09-06 19:55:54,470: publisherUpdate[/rosout] -> http://Nautilus:43281/ ['http://Nautilus:37269/']
[rosmaster.master][INFO] 2020-09-06 19:55:54,472: publisherUpdate[/rosout] -> http://Nautilus:43281/ ['http://Nautilus:37269/']: sec=0.00, result=[1, '', 0]
[rosmaster.master][INFO] 2020-09-06 19:55:54,539: +PUB [/rosout] /rviz http://Nautilus:42929/
[rosmaster.master][INFO] 2020-09-06 19:55:54,539: +SERVICE [/rviz/get_loggers] /rviz http://Nautilus:42929/
[rosmaster.master][INFO] 2020-09-06 19:55:54,539: +SERVICE [/rviz/set_logger_level] /rviz http://Nautilus:42929/
[rosmaster.master][INFO] 2020-09-06 19:55:54,570: publisherUpdate[/rosout] -> http://Nautilus:43281/ ['http://Nautilus:37269/', 'http://Nautilus:42929/']
[rosmaster.master][INFO] 2020-09-06 19:55:54,571: publisherUpdate[/rosout] -> http://Nautilus:43281/ ['http://Nautilus:37269/', 'http://Nautilus:42929/']: sec=0.00, result=[1, '', 0]
[rosmaster.master][INFO] 2020-09-06 19:55:54,914: +PUB [/rosout] /laser_scan_matcher http://Nautilus:34687/
[rosmaster.master][INFO] 2020-09-06 19:55:54,916: +SERVICE [/laser_scan_matcher/get_loggers] /laser_scan_matcher http://Nautilus:34687/
[rosmaster.master][INFO] 2020-09-06 19:55:54,916: +SERVICE [/laser_scan_matcher/set_logger_level] /laser_scan_matcher http://Nautilus:34687/
[rosmaster.master][INFO] 2020-09-06 19:55:54,972: publisherUpdate[/rosout] -> http://Nautilus:43281/ ['http://Nautilus:37269/', 'http://Nautilus:42929/', 'http://Nautilus:34687/']
[rosmaster.master][INFO] 2020-09-06 19:55:54,972: publisherUpdate[/rosout] -> http://Nautilus:43281/ ['http://Nautilus:37269/', 'http://Nautilus:42929/', 'http://Nautilus:34687/']: sec=0.00, result=[1, '', 0]
[rosmaster.master][INFO] 2020-09-06 19:55:55,201: +SUB [/tf] /rviz http://Nautilus:42929/
[rosmaster.master][INFO] 2020-09-06 19:55:55,203: +SUB [/tf_static] /rviz http://Nautilus:42929/
[rosmaster.master][INFO] 2020-09-06 19:55:55,248: +PUB [/initialpose] /rviz http://Nautilus:42929/
[rosmaster.master][INFO] 2020-09-06 19:55:55,249: +PUB [/goal] /rviz http://Nautilus:42929/
[rosmaster.master][INFO] 2020-09-06 19:55:55,255: +SUB [/all_points] /rviz http://Nautilus:42929/
[rosmaster.master][INFO] 2020-09-06 19:55:55,258: +SUB [/hitl_poses_line_b] /rviz http://Nautilus:42929/
[rosmaster.master][INFO] 2020-09-06 19:55:55,259: +SUB [/visualization_marker] /rviz http://Nautilus:42929/
[rosmaster.master][INFO] 2020-09-06 19:55:55,260: +SUB [/visualization_marker_array] /rviz http://Nautilus:42929/
[rosmaster.master][INFO] 2020-09-06 19:55:55,261: -SUB [/visualization_marker] /rviz http://Nautilus:42929/
[rosmaster.master][INFO] 2020-09-06 19:55:55,262: -SUB [/visualization_marker_array] /rviz http://Nautilus:42929/
[rosmaster.master][INFO] 2020-09-06 19:55:55,263: +SUB [/debug_lines] /rviz http://Nautilus:42929/
[rosmaster.master][INFO] 2020-09-06 19:55:55,265: +SUB [/debug_lines_array] /rviz http://Nautilus:42929/
[rosmaster.master][INFO] 2020-09-06 19:55:55,267: +SUB [/hitl_poses_line_a] /rviz http://Nautilus:42929/
[rosmaster.master][INFO] 2020-09-06 19:55:55,268: +SUB [/visualization_marker] /rviz http://Nautilus:42929/
[rosmaster.master][INFO] 2020-09-06 19:55:55,269: +SUB [/visualization_marker_array] /rviz http://Nautilus:42929/
[rosmaster.master][INFO] 2020-09-06 19:55:55,269: -SUB [/visualization_marker] /rviz http://Nautilus:42929/
[rosmaster.master][INFO] 2020-09-06 19:55:55,269: -SUB [/visualization_marker_array] /rviz http://Nautilus:42929/
[rosmaster.master][INFO] 2020-09-06 19:55:55,272: +SUB [/auto_lc_poses] /rviz http://Nautilus:42929/
[rosmaster.master][INFO] 2020-09-06 19:55:55,274: +SUB [/auto_lc_poses_array] /rviz http://Nautilus:42929/
[rosmaster.master][INFO] 2020-09-06 19:55:55,276: +SUB [/new_points] /rviz http://Nautilus:42929/
[rosmaster.master][INFO] 2020-09-06 19:55:55,277: +SUB [/poses] /rviz http://Nautilus:42929/
[rosmaster.master][INFO] 2020-09-06 19:55:55,279: +SUB [/visualization_marker] /rviz http://Nautilus:42929/
[rosmaster.master][INFO] 2020-09-06 19:55:55,280: +SUB [/visualization_marker_array] /rviz http://Nautilus:42929/
[rosmaster.master][INFO] 2020-09-06 19:55:55,280: -SUB [/visualization_marker] /rviz http://Nautilus:42929/
[rosmaster.master][INFO] 2020-09-06 19:55:55,280: -SUB [/visualization_marker_array] /rviz http://Nautilus:42929/
[rosmaster.master][INFO] 2020-09-06 19:55:55,281: +SUB [/cov] /rviz http://Nautilus:42929/
[rosmaster.master][INFO] 2020-09-06 19:55:55,282: +SUB [/cov_array] /rviz http://Nautilus:42929/
[rosmaster.master][INFO] 2020-09-06 19:55:55,285: +SUB [/keyframes] /rviz http://Nautilus:42929/
[rosmaster.master][INFO] 2020-09-06 19:55:55,285: -PUB [/goal] /rviz http://Nautilus:42929/
[rosmaster.master][INFO] 2020-09-06 19:55:55,285: -PUB [/initialpose] /rviz http://Nautilus:42929/
[rosmaster.master][INFO] 2020-09-06 19:55:55,288: +PUB [/initialpose] /rviz http://Nautilus:42929/
[rosmaster.master][INFO] 2020-09-06 19:55:55,289: +PUB [/goal] /rviz http://Nautilus:42929/
[rosmaster.master][INFO] 2020-09-06 19:55:55,289: +PUB [/move_base_simple/goal] /rviz http://Nautilus:42929/
[rosmaster.master][INFO] 2020-09-06 19:55:55,290: -PUB [/goal] /rviz http://Nautilus:42929/
[rosmaster.master][INFO] 2020-09-06 19:55:55,290: +PUB [/clicked_point] /rviz http://Nautilus:42929/
[rosmaster.master][INFO] 2020-09-06 19:55:55,292: +PUB [/vectorize_output] /rviz http://Nautilus:42929/
[rosmaster.master][INFO] 2020-09-06 19:55:55,293: +PUB [/write_output] /rviz http://Nautilus:42929/
[rosmaster.master][INFO] 2020-09-06 19:55:55,294: +PUB [/hitl_slam_input] /rviz http://Nautilus:42929/
[rosmaster.master][INFO] 2020-09-06 19:55:55,326: +SERVICE [/rviz/reload_shaders] /rviz http://Nautilus:42929/
[rosmaster.master][INFO] 2020-09-06 19:55:55,327: +SERVICE [/rviz/load_config] /rviz http://Nautilus:42929/
[rosmaster.master][INFO] 2020-09-06 19:55:55,327: +SERVICE [/rviz/save_config] /rviz http://Nautilus:42929/
[rosmaster.master][INFO] 2020-09-06 19:55:56,265: +SERVICE [/match_laser_scans] /laser_scan_matcher http://Nautilus:34687/
[rosmaster.master][INFO] 2020-09-06 19:56:00,935: +PUB [/all_points] /nautilus http://Nautilus:37269/
[rosmaster.master][INFO] 2020-09-06 19:56:00,936: +PUB [/new_points] /nautilus http://Nautilus:37269/
[rosmaster.master][INFO] 2020-09-06 19:56:00,936: +PUB [/poses] /nautilus http://Nautilus:37269/
[rosmaster.master][INFO] 2020-09-06 19:56:00,936: +PUB [/keyframe_poses] /nautilus http://Nautilus:37269/
[rosmaster.master][INFO] 2020-09-06 19:56:00,937: +PUB [/matches] /nautilus http://Nautilus:37269/
[rosmaster.master][INFO] 2020-09-06 19:56:00,937: +PUB [/normals] /nautilus http://Nautilus:37269/
[rosmaster.master][INFO] 2020-09-06 19:56:00,937: +PUB [/keyframes] /nautilus http://Nautilus:37269/
[rosmaster.master][INFO] 2020-09-06 19:56:00,937: +PUB [/hitl_poses_line_a] /nautilus http://Nautilus:37269/
[rosmaster.master][INFO] 2020-09-06 19:56:00,938: +PUB [/hitl_poses_line_b] /nautilus http://Nautilus:37269/
[rosmaster.master][INFO] 2020-09-06 19:56:00,938: +PUB [/hitl_pointclouds] /nautilus http://Nautilus:37269/
[rosmaster.master][INFO] 2020-09-06 19:56:00,938: +PUB [/hitl_a_points] /nautilus http://Nautilus:37269/
[rosmaster.master][INFO] 2020-09-06 19:56:00,938: +PUB [/hitl_b_points] /nautilus http://Nautilus:37269/
[rosmaster.master][INFO] 2020-09-06 19:56:00,939: +PUB [/auto_lc_poses] /nautilus http://Nautilus:37269/
[rosmaster.master][INFO] 2020-09-06 19:56:00,939: +PUB [/line_a] /nautilus http://Nautilus:37269/
[rosmaster.master][INFO] 2020-09-06 19:56:00,980: publisherUpdate[/all_points] -> http://Nautilus:42929/ ['http://Nautilus:37269/']
[rosmaster.master][INFO] 2020-09-06 19:56:00,980: publisherUpdate[/all_points] -> http://Nautilus:42929/ ['http://Nautilus:37269/']: sec=0.00, result=[1, '', 0]
[rosmaster.master][INFO] 2020-09-06 19:56:00,980: publisherUpdate[/new_points] -> http://Nautilus:42929/ ['http://Nautilus:37269/']
[rosmaster.master][INFO] 2020-09-06 19:56:00,981: publisherUpdate[/new_points] -> http://Nautilus:42929/ ['http://Nautilus:37269/']: sec=0.00, result=[1, '', 0]
[rosmaster.master][INFO] 2020-09-06 19:56:00,981: publisherUpdate[/poses] -> http://Nautilus:42929/ ['http://Nautilus:37269/']
[rosmaster.master][INFO] 2020-09-06 19:56:00,981: publisherUpdate[/poses] -> http://Nautilus:42929/ ['http://Nautilus:37269/']: sec=0.00, result=[1, '', 0]
[rosmaster.master][INFO] 2020-09-06 19:56:00,981: publisherUpdate[/keyframes] -> http://Nautilus:42929/ ['http://Nautilus:37269/']
[rosmaster.master][INFO] 2020-09-06 19:56:00,981: publisherUpdate[/keyframes] -> http://Nautilus:42929/ ['http://Nautilus:37269/']: sec=0.00, result=[1, '', 0]
[rosmaster.master][INFO] 2020-09-06 19:56:00,981: publisherUpdate[/hitl_poses_line_a] -> http://Nautilus:42929/ ['http://Nautilus:37269/']
[rosmaster.master][INFO] 2020-09-06 19:56:00,982: publisherUpdate[/hitl_poses_line_a] -> http://Nautilus:42929/ ['http://Nautilus:37269/']: sec=0.00, result=[1, '', 0]
[rosmaster.master][INFO] 2020-09-06 19:56:00,982: publisherUpdate[/hitl_poses_line_b] -> http://Nautilus:42929/ ['http://Nautilus:37269/']
[rosmaster.master][INFO] 2020-09-06 19:56:00,982: publisherUpdate[/hitl_poses_line_b] -> http://Nautilus:42929/ ['http://Nautilus:37269/']: sec=0.00, result=[1, '', 0]
[rosmaster.master][INFO] 2020-09-06 19:56:00,982: publisherUpdate[/auto_lc_poses] -> http://Nautilus:42929/ ['http://Nautilus:37269/']
[rosmaster.master][INFO] 2020-09-06 19:56:00,982: publisherUpdate[/auto_lc_poses] -> http://Nautilus:42929/ ['http://Nautilus:37269/']: sec=0.00, result=[1, '', 0]
[rosmaster.master][INFO] 2020-09-06 19:56:29,860: +SUB [/hitl_slam_input] /nautilus http://Nautilus:37269/
[rosmaster.master][INFO] 2020-09-06 19:56:29,864: +SUB [/write_output] /nautilus http://Nautilus:37269/
[rosmaster.master][INFO] 2020-09-06 19:56:29,867: +SUB [/vectorize_output] /nautilus http://Nautilus:37269/
[rosmaster.master][INFO] 2020-09-06 20:07:35,198: -SUB [/auto_lc_poses] /rviz http://Nautilus:42929/
[rosmaster.master][INFO] 2020-09-06 20:07:35,198: -SUB [/auto_lc_poses_array] /rviz http://Nautilus:42929/
[rosmaster.master][INFO] 2020-09-06 20:07:35,199: -SUB [/poses] /rviz http://Nautilus:42929/
[rosmaster.master][INFO] 2020-09-06 20:07:35,260: -SUB [/keyframes] /rviz http://Nautilus:42929/
[rosmaster.master][INFO] 2020-09-06 20:07:35,261: -SUB [/debug_lines] /rviz http://Nautilus:42929/
[rosmaster.master][INFO] 2020-09-06 20:07:35,262: -SUB [/debug_lines_array] /rviz http://Nautilus:42929/
[rosmaster.master][INFO] 2020-09-06 20:07:35,262: -SUB [/cov] /rviz http://Nautilus:42929/
[rosmaster.master][INFO] 2020-09-06 20:07:35,263: -SUB [/cov_array] /rviz http://Nautilus:42929/
[rosmaster.master][INFO] 2020-09-06 20:07:35,442: -SUB [/hitl_poses_line_b] /rviz http://Nautilus:42929/
[rosmaster.master][INFO] 2020-09-06 20:07:35,541: -SUB [/hitl_poses_line_a] /rviz http://Nautilus:42929/
[rosmaster.master][INFO] 2020-09-06 20:07:35,551: -SUB [/new_points] /rviz http://Nautilus:42929/
[rosmaster.master][INFO] 2020-09-06 20:07:35,636: -SUB [/all_points] /rviz http://Nautilus:42929/
[rosmaster.master][INFO] 2020-09-06 20:07:35,636: -PUB [/hitl_slam_input] /rviz http://Nautilus:42929/
[rosmaster.master][INFO] 2020-09-06 20:07:35,637: -PUB [/write_output] /rviz http://Nautilus:42929/
[rosmaster.master][INFO] 2020-09-06 20:07:35,637: -PUB [/vectorize_output] /rviz http://Nautilus:42929/
[rosmaster.master][INFO] 2020-09-06 20:07:35,638: -PUB [/clicked_point] /rviz http://Nautilus:42929/
[rosmaster.master][INFO] 2020-09-06 20:07:35,638: -PUB [/move_base_simple/goal] /rviz http://Nautilus:42929/
[rosmaster.master][INFO] 2020-09-06 20:07:35,639: -PUB [/initialpose] /rviz http://Nautilus:42929/
[rosmaster.master][INFO] 2020-09-06 20:07:35,641: -SUB [/tf_static] /rviz http://Nautilus:42929/
[rosmaster.master][INFO] 2020-09-06 20:07:35,641: -SUB [/tf] /rviz http://Nautilus:42929/
[rosmaster.master][INFO] 2020-09-06 20:07:35,643: -SERVICE [/rviz/save_config] /rviz rosrpc://Nautilus:49881
[rosmaster.master][INFO] 2020-09-06 20:07:35,643: -SERVICE [/rviz/load_config] /rviz rosrpc://Nautilus:49881
[rosmaster.master][INFO] 2020-09-06 20:07:35,644: -SERVICE [/rviz/reload_shaders] /rviz rosrpc://Nautilus:49881
[rosmaster.master][INFO] 2020-09-06 20:07:35,694: publisherUpdate[/hitl_slam_input] -> http://Nautilus:37269/ []
[rosmaster.master][INFO] 2020-09-06 20:07:35,695: publisherUpdate[/hitl_slam_input] -> http://Nautilus:37269/ []: sec=0.00, result=[1, '', 0]
[rosmaster.master][INFO] 2020-09-06 20:07:35,696: publisherUpdate[/write_output] -> http://Nautilus:37269/ []
[rosmaster.master][INFO] 2020-09-06 20:07:35,697: publisherUpdate[/write_output] -> http://Nautilus:37269/ []: sec=0.00, result=[1, '', 0]
[rosmaster.master][INFO] 2020-09-06 20:07:35,697: publisherUpdate[/vectorize_output] -> http://Nautilus:37269/ []
[rosmaster.master][INFO] 2020-09-06 20:07:35,698: publisherUpdate[/vectorize_output] -> http://Nautilus:37269/ []: sec=0.00, result=[1, '', 0]
[rosmaster.master][INFO] 2020-09-06 20:07:35,744: -PUB [/rosout] /rviz http://Nautilus:42929/
[rosmaster.master][INFO] 2020-09-06 20:07:35,745: -SERVICE [/rviz/get_loggers] /rviz rosrpc://Nautilus:49881
[rosmaster.master][INFO] 2020-09-06 20:07:35,746: -SERVICE [/rviz/set_logger_level] /rviz rosrpc://Nautilus:49881
[rosmaster.master][INFO] 2020-09-06 20:07:35,794: publisherUpdate[/rosout] -> http://Nautilus:43281/ ['http://Nautilus:37269/', 'http://Nautilus:34687/']
[rosmaster.master][INFO] 2020-09-06 20:07:35,795: publisherUpdate[/rosout] -> http://Nautilus:43281/ ['http://Nautilus:37269/', 'http://Nautilus:34687/']: sec=0.00, result=[1, '', 0]
[rosmaster.master][INFO] 2020-09-06 20:07:36,976: -PUB [/rosout] /laser_scan_matcher http://Nautilus:34687/
[rosmaster.master][INFO] 2020-09-06 20:07:36,976: -SERVICE [/laser_scan_matcher/get_loggers] /laser_scan_matcher rosrpc://Nautilus:44993
[rosmaster.master][INFO] 2020-09-06 20:07:36,976: -SERVICE [/laser_scan_matcher/set_logger_level] /laser_scan_matcher rosrpc://Nautilus:44993
[rosmaster.master][INFO] 2020-09-06 20:07:36,976: -SERVICE [/match_laser_scans] /laser_scan_matcher rosrpc://Nautilus:44993
[rosmaster.master][INFO] 2020-09-06 20:07:36,996: publisherUpdate[/rosout] -> http://Nautilus:43281/ ['http://Nautilus:37269/']
[rosmaster.master][INFO] 2020-09-06 20:07:36,998: publisherUpdate[/rosout] -> http://Nautilus:43281/ ['http://Nautilus:37269/']: sec=0.00, result=[1, '', 0]
[rosmaster.master][INFO] 2020-09-06 20:07:37,200: -PUB [/rosout] /nautilus http://Nautilus:37269/
[rosmaster.master][INFO] 2020-09-06 20:07:37,200: -PUB [/all_points] /nautilus http://Nautilus:37269/
[rosmaster.master][INFO] 2020-09-06 20:07:37,201: -PUB [/new_points] /nautilus http://Nautilus:37269/
[rosmaster.master][INFO] 2020-09-06 20:07:37,201: -PUB [/poses] /nautilus http://Nautilus:37269/
[rosmaster.master][INFO] 2020-09-06 20:07:37,201: -PUB [/keyframe_poses] /nautilus http://Nautilus:37269/
[rosmaster.master][INFO] 2020-09-06 20:07:37,202: -PUB [/matches] /nautilus http://Nautilus:37269/
[rosmaster.master][INFO] 2020-09-06 20:07:37,202: -PUB [/normals] /nautilus http://Nautilus:37269/
[rosmaster.master][INFO] 2020-09-06 20:07:37,202: -PUB [/keyframes] /nautilus http://Nautilus:37269/
[rosmaster.master][INFO] 2020-09-06 20:07:37,202: -PUB [/hitl_poses_line_a] /nautilus http://Nautilus:37269/
[rosmaster.master][INFO] 2020-09-06 20:07:37,203: -PUB [/hitl_poses_line_b] /nautilus http://Nautilus:37269/
[rosmaster.master][INFO] 2020-09-06 20:07:37,203: -PUB [/hitl_pointclouds] /nautilus http://Nautilus:37269/
[rosmaster.master][INFO] 2020-09-06 20:07:37,203: -PUB [/hitl_a_points] /nautilus http://Nautilus:37269/
[rosmaster.master][INFO] 2020-09-06 20:07:37,203: -PUB [/hitl_b_points] /nautilus http://Nautilus:37269/
[rosmaster.master][INFO] 2020-09-06 20:07:37,203: publisherUpdate[/rosout] -> http://Nautilus:43281/ []
[rosmaster.master][INFO] 2020-09-06 20:07:37,204: -PUB [/auto_lc_poses] /nautilus http://Nautilus:37269/
[rosmaster.master][INFO] 2020-09-06 20:07:37,204: -PUB [/line_a] /nautilus http://Nautilus:37269/
[rosmaster.master][INFO] 2020-09-06 20:07:37,204: -SUB [/hitl_slam_input] /nautilus http://Nautilus:37269/
[rosmaster.master][INFO] 2020-09-06 20:07:37,204: -SUB [/write_output] /nautilus http://Nautilus:37269/
[rosmaster.master][INFO] 2020-09-06 20:07:37,205: -SUB [/vectorize_output] /nautilus http://Nautilus:37269/
[rosmaster.master][INFO] 2020-09-06 20:07:37,205: -SERVICE [/nautilus/get_loggers] /nautilus rosrpc://Nautilus:58133
[rosmaster.master][INFO] 2020-09-06 20:07:37,205: -SERVICE [/nautilus/set_logger_level] /nautilus rosrpc://Nautilus:58133
[rosmaster.master][INFO] 2020-09-06 20:07:37,207: publisherUpdate[/rosout] -> http://Nautilus:43281/ []: sec=0.00, result=[1, '', 0]
