[rosmaster.main][INFO] 2020-09-10 18:47:11,785: initialization complete, waiting for shutdown
[rosmaster.main][INFO] 2020-09-10 18:47:11,785: Starting ROS Master Node
[xmlrpc][INFO] 2020-09-10 18:47:11,786: XML-RPC server binding to 0.0.0.0:11311
[xmlrpc][INFO] 2020-09-10 18:47:11,786: Started XML-RPC server [http://Nautilus:11311/]
[xmlrpc][INFO] 2020-09-10 18:47:11,786: xml rpc node: starting XML-RPC server
[rosmaster.master][INFO] 2020-09-10 18:47:11,786: Master initialized: port[11311], uri[http://Nautilus:11311/]
[rosmaster.master][INFO] 2020-09-10 18:47:11,887: +PARAM [/run_id] by /roslaunch
[rosmaster.master][INFO] 2020-09-10 18:47:11,887: +PARAM [/roslaunch/uris/host_nautilus__34227] by /roslaunch
[rosmaster.master][INFO] 2020-09-10 18:47:11,916: +PARAM [/rosversion] by /roslaunch
[rosmaster.master][INFO] 2020-09-10 18:47:11,916: +PARAM [/rosdistro] by /roslaunch
[rosmaster.master][INFO] 2020-09-10 18:47:11,923: +SERVICE [/rosout/get_loggers] /rosout http://Nautilus:34373/
[rosmaster.master][INFO] 2020-09-10 18:47:11,923: +SERVICE [/rosout/set_logger_level] /rosout http://Nautilus:34373/
[rosmaster.master][INFO] 2020-09-10 18:47:11,924: +PUB [/rosout_agg] /rosout http://Nautilus:34373/
[rosmaster.master][INFO] 2020-09-10 18:47:11,925: +SUB [/rosout] /rosout http://Nautilus:34373/
[rosmaster.master][INFO] 2020-09-10 18:47:11,957: +PUB [/rosout] /nautilus http://Nautilus:44901/
[rosmaster.master][INFO] 2020-09-10 18:47:11,958: +SERVICE [/nautilus/get_loggers] /nautilus http://Nautilus:44901/
[rosmaster.master][INFO] 2020-09-10 18:47:11,958: +SERVICE [/nautilus/set_logger_level] /nautilus http://Nautilus:44901/
[rosmaster.master][INFO] 2020-09-10 18:47:11,986: publisherUpdate[/rosout] -> http://Nautilus:34373/ ['http://Nautilus:44901/']
[rosmaster.master][INFO] 2020-09-10 18:47:11,988: publisherUpdate[/rosout] -> http://Nautilus:34373/ ['http://Nautilus:44901/']: sec=0.00, result=[1, '', 0]
[rosmaster.master][INFO] 2020-09-10 18:47:12,049: +PUB [/rosout] /rviz http://Nautilus:46537/
[rosmaster.master][INFO] 2020-09-10 18:47:12,050: +SERVICE [/rviz/get_loggers] /rviz http://Nautilus:46537/
[rosmaster.master][INFO] 2020-09-10 18:47:12,050: +SERVICE [/rviz/set_logger_level] /rviz http://Nautilus:46537/
[rosmaster.master][INFO] 2020-09-10 18:47:12,086: publisherUpdate[/rosout] -> http://Nautilus:34373/ ['http://Nautilus:44901/', 'http://Nautilus:46537/']
[rosmaster.master][INFO] 2020-09-10 18:47:12,087: publisherUpdate[/rosout] -> http://Nautilus:34373/ ['http://Nautilus:44901/', 'http://Nautilus:46537/']: sec=0.00, result=[1, '', 0]
[rosmaster.master][INFO] 2020-09-10 18:47:12,459: +PUB [/rosout] /laser_scan_matcher http://Nautilus:35379/
[rosmaster.master][INFO] 2020-09-10 18:47:12,461: +SERVICE [/laser_scan_matcher/get_loggers] /laser_scan_matcher http://Nautilus:35379/
[rosmaster.master][INFO] 2020-09-10 18:47:12,462: +SERVICE [/laser_scan_matcher/set_logger_level] /laser_scan_matcher http://Nautilus:35379/
[rosmaster.master][INFO] 2020-09-10 18:47:12,487: publisherUpdate[/rosout] -> http://Nautilus:34373/ ['http://Nautilus:44901/', 'http://Nautilus:46537/', 'http://Nautilus:35379/']
[rosmaster.master][INFO] 2020-09-10 18:47:12,488: publisherUpdate[/rosout] -> http://Nautilus:34373/ ['http://Nautilus:44901/', 'http://Nautilus:46537/', 'http://Nautilus:35379/']: sec=0.00, result=[1, '', 0]
[rosmaster.master][INFO] 2020-09-10 18:47:12,724: +SUB [/tf] /rviz http://Nautilus:46537/
[rosmaster.master][INFO] 2020-09-10 18:47:12,725: +SUB [/tf_static] /rviz http://Nautilus:46537/
[rosmaster.master][INFO] 2020-09-10 18:47:12,756: +PUB [/initialpose] /rviz http://Nautilus:46537/
[rosmaster.master][INFO] 2020-09-10 18:47:12,758: +PUB [/goal] /rviz http://Nautilus:46537/
[rosmaster.master][INFO] 2020-09-10 18:47:12,765: +SUB [/keyframes] /rviz http://Nautilus:46537/
[rosmaster.master][INFO] 2020-09-10 18:47:12,767: +SUB [/visualization_marker] /rviz http://Nautilus:46537/
[rosmaster.master][INFO] 2020-09-10 18:47:12,768: +SUB [/visualization_marker_array] /rviz http://Nautilus:46537/
[rosmaster.master][INFO] 2020-09-10 18:47:12,768: -SUB [/visualization_marker] /rviz http://Nautilus:46537/
[rosmaster.master][INFO] 2020-09-10 18:47:12,769: -SUB [/visualization_marker_array] /rviz http://Nautilus:46537/
[rosmaster.master][INFO] 2020-09-10 18:47:12,770: +SUB [/cov] /rviz http://Nautilus:46537/
[rosmaster.master][INFO] 2020-09-10 18:47:12,771: +SUB [/cov_array] /rviz http://Nautilus:46537/
[rosmaster.master][INFO] 2020-09-10 18:47:12,774: +SUB [/all_points] /rviz http://Nautilus:46537/
[rosmaster.master][INFO] 2020-09-10 18:47:12,776: +SUB [/hitl_poses_line_b] /rviz http://Nautilus:46537/
[rosmaster.master][INFO] 2020-09-10 18:47:12,778: +SUB [/hitl_poses_line_a] /rviz http://Nautilus:46537/
[rosmaster.master][INFO] 2020-09-10 18:47:12,780: +SUB [/poses] /rviz http://Nautilus:46537/
[rosmaster.master][INFO] 2020-09-10 18:47:12,782: +SUB [/visualization_marker] /rviz http://Nautilus:46537/
[rosmaster.master][INFO] 2020-09-10 18:47:12,783: +SUB [/visualization_marker_array] /rviz http://Nautilus:46537/
[rosmaster.master][INFO] 2020-09-10 18:47:12,784: -SUB [/visualization_marker] /rviz http://Nautilus:46537/
[rosmaster.master][INFO] 2020-09-10 18:47:12,784: -SUB [/visualization_marker_array] /rviz http://Nautilus:46537/
[rosmaster.master][INFO] 2020-09-10 18:47:12,785: +SUB [/auto_lc_poses] /rviz http://Nautilus:46537/
[rosmaster.master][INFO] 2020-09-10 18:47:12,786: +SUB [/auto_lc_poses_array] /rviz http://Nautilus:46537/
[rosmaster.master][INFO] 2020-09-10 18:47:12,788: +SUB [/new_points] /rviz http://Nautilus:46537/
[rosmaster.master][INFO] 2020-09-10 18:47:12,789: +SUB [/visualization_marker] /rviz http://Nautilus:46537/
[rosmaster.master][INFO] 2020-09-10 18:47:12,790: +SUB [/visualization_marker_array] /rviz http://Nautilus:46537/
[rosmaster.master][INFO] 2020-09-10 18:47:12,791: -SUB [/visualization_marker] /rviz http://Nautilus:46537/
[rosmaster.master][INFO] 2020-09-10 18:47:12,791: -SUB [/visualization_marker_array] /rviz http://Nautilus:46537/
[rosmaster.master][INFO] 2020-09-10 18:47:12,792: +SUB [/debug_lines] /rviz http://Nautilus:46537/
[rosmaster.master][INFO] 2020-09-10 18:47:12,793: +SUB [/debug_lines_array] /rviz http://Nautilus:46537/
[rosmaster.master][INFO] 2020-09-10 18:47:12,793: -PUB [/goal] /rviz http://Nautilus:46537/
[rosmaster.master][INFO] 2020-09-10 18:47:12,794: -PUB [/initialpose] /rviz http://Nautilus:46537/
[rosmaster.master][INFO] 2020-09-10 18:47:12,796: +PUB [/initialpose] /rviz http://Nautilus:46537/
[rosmaster.master][INFO] 2020-09-10 18:47:12,797: +PUB [/goal] /rviz http://Nautilus:46537/
[rosmaster.master][INFO] 2020-09-10 18:47:12,797: +PUB [/move_base_simple/goal] /rviz http://Nautilus:46537/
[rosmaster.master][INFO] 2020-09-10 18:47:12,797: -PUB [/goal] /rviz http://Nautilus:46537/
[rosmaster.master][INFO] 2020-09-10 18:47:12,798: +PUB [/clicked_point] /rviz http://Nautilus:46537/
[rosmaster.master][INFO] 2020-09-10 18:47:12,799: +PUB [/vectorize_output] /rviz http://Nautilus:46537/
[rosmaster.master][INFO] 2020-09-10 18:47:12,801: +PUB [/write_output] /rviz http://Nautilus:46537/
[rosmaster.master][INFO] 2020-09-10 18:47:12,802: +PUB [/hitl_slam_input] /rviz http://Nautilus:46537/
[rosmaster.master][INFO] 2020-09-10 18:47:12,832: +SERVICE [/rviz/reload_shaders] /rviz http://Nautilus:46537/
[rosmaster.master][INFO] 2020-09-10 18:47:12,832: +SERVICE [/rviz/load_config] /rviz http://Nautilus:46537/
[rosmaster.master][INFO] 2020-09-10 18:47:12,833: +SERVICE [/rviz/save_config] /rviz http://Nautilus:46537/
[rosmaster.master][INFO] 2020-09-10 18:47:13,908: +SERVICE [/match_laser_scans] /laser_scan_matcher http://Nautilus:35379/
[rosmaster.master][INFO] 2020-09-10 18:49:00,748: +PUB [/all_points] /nautilus http://Nautilus:44901/
[rosmaster.master][INFO] 2020-09-10 18:49:00,748: +PUB [/new_points] /nautilus http://Nautilus:44901/
[rosmaster.master][INFO] 2020-09-10 18:49:00,748: +PUB [/poses] /nautilus http://Nautilus:44901/
[rosmaster.master][INFO] 2020-09-10 18:49:00,749: +PUB [/keyframe_poses] /nautilus http://Nautilus:44901/
[rosmaster.master][INFO] 2020-09-10 18:49:00,749: +PUB [/matches] /nautilus http://Nautilus:44901/
[rosmaster.master][INFO] 2020-09-10 18:49:00,749: +PUB [/normals] /nautilus http://Nautilus:44901/
[rosmaster.master][INFO] 2020-09-10 18:49:00,749: +PUB [/keyframes] /nautilus http://Nautilus:44901/
[rosmaster.master][INFO] 2020-09-10 18:49:00,750: +PUB [/hitl_poses_line_a] /nautilus http://Nautilus:44901/
[rosmaster.master][INFO] 2020-09-10 18:49:00,750: +PUB [/hitl_poses_line_b] /nautilus http://Nautilus:44901/
[rosmaster.master][INFO] 2020-09-10 18:49:00,750: +PUB [/hitl_pointclouds] /nautilus http://Nautilus:44901/
[rosmaster.master][INFO] 2020-09-10 18:49:00,750: +PUB [/hitl_a_points] /nautilus http://Nautilus:44901/
[rosmaster.master][INFO] 2020-09-10 18:49:00,750: +PUB [/hitl_b_points] /nautilus http://Nautilus:44901/
[rosmaster.master][INFO] 2020-09-10 18:49:00,751: +PUB [/auto_lc_poses] /nautilus http://Nautilus:44901/
[rosmaster.master][INFO] 2020-09-10 18:49:00,751: +PUB [/line_a] /nautilus http://Nautilus:44901/
[rosmaster.master][INFO] 2020-09-10 18:49:00,824: publisherUpdate[/all_points] -> http://Nautilus:46537/ ['http://Nautilus:44901/']
[rosmaster.master][INFO] 2020-09-10 18:49:00,825: publisherUpdate[/all_points] -> http://Nautilus:46537/ ['http://Nautilus:44901/']: sec=0.00, result=[1, '', 0]
[rosmaster.master][INFO] 2020-09-10 18:49:00,825: publisherUpdate[/new_points] -> http://Nautilus:46537/ ['http://Nautilus:44901/']
[rosmaster.master][INFO] 2020-09-10 18:49:00,825: publisherUpdate[/new_points] -> http://Nautilus:46537/ ['http://Nautilus:44901/']: sec=0.00, result=[1, '', 0]
[rosmaster.master][INFO] 2020-09-10 18:49:00,825: publisherUpdate[/poses] -> http://Nautilus:46537/ ['http://Nautilus:44901/']
[rosmaster.master][INFO] 2020-09-10 18:49:00,825: publisherUpdate[/poses] -> http://Nautilus:46537/ ['http://Nautilus:44901/']: sec=0.00, result=[1, '', 0]
[rosmaster.master][INFO] 2020-09-10 18:49:00,825: publisherUpdate[/keyframes] -> http://Nautilus:46537/ ['http://Nautilus:44901/']
[rosmaster.master][INFO] 2020-09-10 18:49:00,826: publisherUpdate[/keyframes] -> http://Nautilus:46537/ ['http://Nautilus:44901/']: sec=0.00, result=[1, '', 0]
[rosmaster.master][INFO] 2020-09-10 18:49:00,826: publisherUpdate[/hitl_poses_line_a] -> http://Nautilus:46537/ ['http://Nautilus:44901/']
[rosmaster.master][INFO] 2020-09-10 18:49:00,826: publisherUpdate[/hitl_poses_line_a] -> http://Nautilus:46537/ ['http://Nautilus:44901/']: sec=0.00, result=[1, '', 0]
[rosmaster.master][INFO] 2020-09-10 18:49:00,826: publisherUpdate[/hitl_poses_line_b] -> http://Nautilus:46537/ ['http://Nautilus:44901/']
[rosmaster.master][INFO] 2020-09-10 18:49:00,826: publisherUpdate[/hitl_poses_line_b] -> http://Nautilus:46537/ ['http://Nautilus:44901/']: sec=0.00, result=[1, '', 0]
[rosmaster.master][INFO] 2020-09-10 18:49:00,826: publisherUpdate[/auto_lc_poses] -> http://Nautilus:46537/ ['http://Nautilus:44901/']
[rosmaster.master][INFO] 2020-09-10 18:49:00,827: publisherUpdate[/auto_lc_poses] -> http://Nautilus:46537/ ['http://Nautilus:44901/']: sec=0.00, result=[1, '', 0]
[rosmaster.master][INFO] 2020-09-10 18:49:25,457: +SUB [/hitl_slam_input] /nautilus http://Nautilus:44901/
[rosmaster.master][INFO] 2020-09-10 18:49:25,459: +SUB [/write_output] /nautilus http://Nautilus:44901/
[rosmaster.master][INFO] 2020-09-10 18:49:25,461: +SUB [/vectorize_output] /nautilus http://Nautilus:44901/
[rosmaster.master][INFO] 2020-09-10 18:52:58,671: -PUB [/rosout] /laser_scan_matcher http://Nautilus:35379/
[rosmaster.master][INFO] 2020-09-10 18:52:58,671: -SERVICE [/laser_scan_matcher/get_loggers] /laser_scan_matcher rosrpc://Nautilus:36721
[rosmaster.master][INFO] 2020-09-10 18:52:58,671: -SERVICE [/laser_scan_matcher/set_logger_level] /laser_scan_matcher rosrpc://Nautilus:36721
[rosmaster.master][INFO] 2020-09-10 18:52:58,671: publisherUpdate[/rosout] -> http://Nautilus:34373/ ['http://Nautilus:44901/', 'http://Nautilus:46537/']
[rosmaster.master][INFO] 2020-09-10 18:52:58,672: -SERVICE [/match_laser_scans] /laser_scan_matcher rosrpc://Nautilus:36721
[rosmaster.master][INFO] 2020-09-10 18:52:58,672: publisherUpdate[/rosout] -> http://Nautilus:34373/ ['http://Nautilus:44901/', 'http://Nautilus:46537/']: sec=0.00, result=[1, '', 0]
[rosmaster.master][INFO] 2020-09-10 18:52:58,767: -PUB [/rosout] /nautilus http://Nautilus:44901/
[rosmaster.master][INFO] 2020-09-10 18:52:58,768: -PUB [/all_points] /nautilus http://Nautilus:44901/
[rosmaster.master][INFO] 2020-09-10 18:52:58,768: -PUB [/new_points] /nautilus http://Nautilus:44901/
[rosmaster.master][INFO] 2020-09-10 18:52:58,769: -PUB [/poses] /nautilus http://Nautilus:44901/
[rosmaster.master][INFO] 2020-09-10 18:52:58,769: -PUB [/keyframe_poses] /nautilus http://Nautilus:44901/
[rosmaster.master][INFO] 2020-09-10 18:52:58,769: -PUB [/matches] /nautilus http://Nautilus:44901/
[rosmaster.master][INFO] 2020-09-10 18:52:58,770: -PUB [/normals] /nautilus http://Nautilus:44901/
[rosmaster.master][INFO] 2020-09-10 18:52:58,770: -PUB [/keyframes] /nautilus http://Nautilus:44901/
[rosmaster.master][INFO] 2020-09-10 18:52:58,771: -PUB [/hitl_poses_line_a] /nautilus http://Nautilus:44901/
[rosmaster.master][INFO] 2020-09-10 18:52:58,771: -PUB [/hitl_poses_line_b] /nautilus http://Nautilus:44901/
[rosmaster.master][INFO] 2020-09-10 18:52:58,772: publisherUpdate[/rosout] -> http://Nautilus:34373/ ['http://Nautilus:46537/']
[rosmaster.master][INFO] 2020-09-10 18:52:58,772: publisherUpdate[/all_points] -> http://Nautilus:46537/ []
[rosmaster.master][INFO] 2020-09-10 18:52:58,772: -PUB [/hitl_pointclouds] /nautilus http://Nautilus:44901/
[rosmaster.master][INFO] 2020-09-10 18:52:58,773: publisherUpdate[/rosout] -> http://Nautilus:34373/ ['http://Nautilus:46537/']: sec=0.00, result=[1, '', 0]
[rosmaster.master][INFO] 2020-09-10 18:52:58,774: publisherUpdate[/all_points] -> http://Nautilus:46537/ []: sec=0.00, result=[1, '', 0]
[rosmaster.master][INFO] 2020-09-10 18:52:58,774: -PUB [/hitl_a_points] /nautilus http://Nautilus:44901/
[rosmaster.master][INFO] 2020-09-10 18:52:58,774: publisherUpdate[/new_points] -> http://Nautilus:46537/ []
[rosmaster.master][INFO] 2020-09-10 18:52:58,775: -PUB [/hitl_b_points] /nautilus http://Nautilus:44901/
[rosmaster.master][INFO] 2020-09-10 18:52:58,776: -PUB [/auto_lc_poses] /nautilus http://Nautilus:44901/
[rosmaster.master][INFO] 2020-09-10 18:52:58,776: publisherUpdate[/new_points] -> http://Nautilus:46537/ []: sec=0.00, result=[1, '', 0]
[rosmaster.master][INFO] 2020-09-10 18:52:58,776: publisherUpdate[/poses] -> http://Nautilus:46537/ []
[rosmaster.master][INFO] 2020-09-10 18:52:58,776: -PUB [/line_a] /nautilus http://Nautilus:44901/
[rosmaster.master][INFO] 2020-09-10 18:52:58,777: publisherUpdate[/poses] -> http://Nautilus:46537/ []: sec=0.00, result=[1, '', 0]
[rosmaster.master][INFO] 2020-09-10 18:52:58,777: publisherUpdate[/keyframes] -> http://Nautilus:46537/ []
[rosmaster.master][INFO] 2020-09-10 18:52:58,778: -SUB [/hitl_slam_input] /nautilus http://Nautilus:44901/
[rosmaster.master][INFO] 2020-09-10 18:52:58,778: publisherUpdate[/keyframes] -> http://Nautilus:46537/ []: sec=0.00, result=[1, '', 0]
[rosmaster.master][INFO] 2020-09-10 18:52:58,779: -SUB [/write_output] /nautilus http://Nautilus:44901/
[rosmaster.master][INFO] 2020-09-10 18:52:58,779: publisherUpdate[/hitl_poses_line_a] -> http://Nautilus:46537/ []
[rosmaster.master][INFO] 2020-09-10 18:52:58,779: -SUB [/vectorize_output] /nautilus http://Nautilus:44901/
[rosmaster.master][INFO] 2020-09-10 18:52:58,780: publisherUpdate[/hitl_poses_line_a] -> http://Nautilus:46537/ []: sec=0.00, result=[1, '', 0]
[rosmaster.master][INFO] 2020-09-10 18:52:58,780: publisherUpdate[/hitl_poses_line_b] -> http://Nautilus:46537/ []
[rosmaster.master][INFO] 2020-09-10 18:52:58,780: -SERVICE [/nautilus/get_loggers] /nautilus rosrpc://Nautilus:60977
[rosmaster.master][INFO] 2020-09-10 18:52:58,780: publisherUpdate[/hitl_poses_line_b] -> http://Nautilus:46537/ []: sec=0.00, result=[1, '', 0]
[rosmaster.master][INFO] 2020-09-10 18:52:58,780: publisherUpdate[/auto_lc_poses] -> http://Nautilus:46537/ []
[rosmaster.master][INFO] 2020-09-10 18:52:58,780: -SERVICE [/nautilus/set_logger_level] /nautilus rosrpc://Nautilus:60977
[rosmaster.master][INFO] 2020-09-10 18:52:58,781: publisherUpdate[/auto_lc_poses] -> http://Nautilus:46537/ []: sec=0.00, result=[1, '', 0]
[rosmaster.master][INFO] 2020-09-10 18:52:58,881: -PUB [/rosout] /rviz http://Nautilus:46537/
[rosmaster.master][INFO] 2020-09-10 18:52:58,882: publisherUpdate[/rosout] -> http://Nautilus:34373/ []
[rosmaster.master][INFO] 2020-09-10 18:52:58,883: -PUB [/initialpose] /rviz http://Nautilus:46537/
[rosmaster.master][INFO] 2020-09-10 18:52:58,883: -PUB [/move_base_simple/goal] /rviz http://Nautilus:46537/
[rosmaster.master][INFO] 2020-09-10 18:52:58,884: publisherUpdate[/rosout] -> http://Nautilus:34373/ []: sec=0.00, result=[1, '', 0]
[rosmaster.master][INFO] 2020-09-10 18:52:58,884: -PUB [/clicked_point] /rviz http://Nautilus:46537/
[rosmaster.master][INFO] 2020-09-10 18:52:58,885: -PUB [/vectorize_output] /rviz http://Nautilus:46537/
[rosmaster.master][INFO] 2020-09-10 18:52:58,886: -PUB [/write_output] /rviz http://Nautilus:46537/
[rosmaster.master][INFO] 2020-09-10 18:52:58,887: -PUB [/hitl_slam_input] /rviz http://Nautilus:46537/
[rosmaster.master][INFO] 2020-09-10 18:52:58,887: -SUB [/tf] /rviz http://Nautilus:46537/
[rosmaster.master][INFO] 2020-09-10 18:52:58,887: -SUB [/tf_static] /rviz http://Nautilus:46537/
[rosmaster.master][INFO] 2020-09-10 18:52:58,888: -SUB [/keyframes] /rviz http://Nautilus:46537/
[rosmaster.master][INFO] 2020-09-10 18:52:58,888: -SUB [/cov] /rviz http://Nautilus:46537/
[rosmaster.master][INFO] 2020-09-10 18:52:58,889: -SUB [/cov_array] /rviz http://Nautilus:46537/
[rosmaster.master][INFO] 2020-09-10 18:52:58,889: -SUB [/all_points] /rviz http://Nautilus:46537/
[rosmaster.master][INFO] 2020-09-10 18:52:58,889: -SUB [/hitl_poses_line_b] /rviz http://Nautilus:46537/
[rosmaster.master][INFO] 2020-09-10 18:52:58,890: -SUB [/hitl_poses_line_a] /rviz http://Nautilus:46537/
[rosmaster.master][INFO] 2020-09-10 18:52:58,890: -SUB [/poses] /rviz http://Nautilus:46537/
[rosmaster.master][INFO] 2020-09-10 18:52:58,890: -SUB [/auto_lc_poses] /rviz http://Nautilus:46537/
[rosmaster.master][INFO] 2020-09-10 18:52:58,891: -SUB [/auto_lc_poses_array] /rviz http://Nautilus:46537/
[rosmaster.master][INFO] 2020-09-10 18:52:58,891: -SUB [/new_points] /rviz http://Nautilus:46537/
[rosmaster.master][INFO] 2020-09-10 18:52:58,891: -SUB [/debug_lines] /rviz http://Nautilus:46537/
[rosmaster.master][INFO] 2020-09-10 18:52:58,892: -SUB [/debug_lines_array] /rviz http://Nautilus:46537/
[rosmaster.master][INFO] 2020-09-10 18:52:58,892: -SERVICE [/rviz/get_loggers] /rviz rosrpc://Nautilus:51779
[rosmaster.master][INFO] 2020-09-10 18:52:58,893: -SERVICE [/rviz/set_logger_level] /rviz rosrpc://Nautilus:51779
[rosmaster.master][INFO] 2020-09-10 18:52:58,893: -SERVICE [/rviz/reload_shaders] /rviz rosrpc://Nautilus:51779
[rosmaster.master][INFO] 2020-09-10 18:52:58,893: -SERVICE [/rviz/load_config] /rviz rosrpc://Nautilus:51779
[rosmaster.master][INFO] 2020-09-10 18:52:58,893: -SERVICE [/rviz/save_config] /rviz rosrpc://Nautilus:51779
[rosmaster.master][INFO] 2020-09-10 18:53:14,006: -PUB [/rosout_agg] /rosout http://Nautilus:34373/
[rosmaster.master][INFO] 2020-09-10 18:53:14,006: -SUB [/rosout] /rosout http://Nautilus:34373/
[rosmaster.master][INFO] 2020-09-10 18:53:14,007: -SERVICE [/rosout/get_loggers] /rosout rosrpc://Nautilus:42441
[rosmaster.master][INFO] 2020-09-10 18:53:14,007: -SERVICE [/rosout/set_logger_level] /rosout rosrpc://Nautilus:42441
[rosmaster.main][INFO] 2020-09-10 18:53:14,101: keyboard interrupt, will exit
[rosmaster.main][INFO] 2020-09-10 18:53:14,101: stopping master...
[rospy.core][INFO] 2020-09-10 18:53:14,102: signal_shutdown [atexit]
